[2026-04-24T07:02:03.074Z] GET http://localhost:5174/ → 200 (15ms, 356B)
[2026-04-24T07:02:03.095Z] GET http://localhost:5174/@vite/client → 200 (9ms, 182535B)
[2026-04-24T07:02:03.095Z] GET http://localhost:5174/src/renderer/index.tsx → 200 (17ms, 2298B)
[2026-04-24T07:02:03.105Z] GET http://localhost:5174/node_modules/vite/dist/client/env.mjs → 200 (1ms, 3861B)
[2026-04-24T07:02:03.112Z] GET http://localhost:5174/node_modules/.vite/deps/react_jsx-dev-runtime.js?v=565f0860 → 200 (164ms, 12434B)
[2026-04-24T07:02:03.112Z] GET http://localhost:5174/node_modules/.vite/deps/react.js?v=63443014 → 200 (55ms, 724B)
[2026-04-24T07:02:03.112Z] GET http://localhost:5174/node_modules/.vite/deps/react-dom_client.js?v=63443014 → 200 (93ms, 1021706B)
[2026-04-24T07:02:03.112Z] GET http://localhost:5174/src/renderer/App.tsx → 200 (89ms, 20130B)
[2026-04-24T07:02:03.112Z] GET http://localhost:5174/src/renderer/index.css → 200 (90ms, 19412B)
[2026-04-24T07:02:03.112Z] GET http://localhost:5174/src/renderer/dev-mock.ts → 200 (91ms, 9977B)
[2026-04-24T07:02:03.167Z] GET http://localhost:5174/node_modules/.vite/deps/chunk-ODY6T4AV.js?v=63443014 → 200 (10ms, 46922B)
[2026-04-24T07:02:03.202Z] GET http://localhost:5174/src/renderer/store.ts → 200 (2ms, 11530B)
[2026-04-24T07:02:03.202Z] GET http://localhost:5174/src/renderer/components/ProjectList.tsx → 200 (18ms, 11302B)
[2026-04-24T07:02:03.202Z] GET http://localhost:5174/src/renderer/components/TaskList.tsx → 200 (18ms, 23253B)
[2026-04-24T07:02:03.202Z] GET http://localhost:5174/src/renderer/components/TimeCanvas.tsx → 200 (18ms, 35473B)
[2026-04-24T07:02:03.204Z] GET http://localhost:5174/node_modules/.vite/deps/zustand.js?v=63443014 → 200 (16ms, 1972B)
[2026-04-24T07:02:03.276Z] GET http://localhost:5174/node_modules/.vite/deps/chunk-ODY6T4AV.js?v=9880098f → 200 (1ms, 46922B)
[2026-04-24T07:02:03.350Z] GET http://localhost:5174/ → 200 (3ms, 356B)
[2026-04-24T07:02:03.355Z] GET http://localhost:5174/@vite/client → 304 (10ms, ?B)
[2026-04-24T07:02:03.355Z] GET http://localhost:5174/src/renderer/index.tsx → 200 (1ms, 2298B)
[2026-04-24T07:02:03.357Z] GET http://localhost:5174/node_modules/.vite/deps/react_jsx-dev-runtime.js?v=9880098f → 200 (1ms, 12434B)
[2026-04-24T07:02:03.357Z] GET http://localhost:5174/node_modules/.vite/deps/react.js?v=9880098f → 200 (1ms, 724B)
[2026-04-24T07:02:03.357Z] GET http://localhost:5174/node_modules/.vite/deps/react-dom_client.js?v=9880098f → 200 (23ms, ?B)
[2026-04-24T07:02:03.357Z] GET http://localhost:5174/src/renderer/App.tsx → 200 (9ms, 20130B)
[2026-04-24T07:02:03.357Z] GET http://localhost:5174/src/renderer/index.css → 304 (7ms, ?B)
[2026-04-24T07:02:03.357Z] GET http://localhost:5174/src/renderer/dev-mock.ts → 304 (8ms, ?B)
[2026-04-24T07:02:03.358Z] GET http://localhost:5174/node_modules/.vite/deps/chunk-ODY6T4AV.js?v=9880098f → 200 (?ms, 46922B)
[2026-04-24T07:02:03.365Z] GET http://localhost:5174/node_modules/vite/dist/client/env.mjs → 304 (11ms, ?B)
[2026-04-24T07:02:03.366Z] GET http://localhost:5174/src/renderer/store.ts → 200 (12ms, 11530B)
[2026-04-24T07:02:03.366Z] GET http://localhost:5174/src/renderer/components/ProjectList.tsx → 200 (12ms, 11302B)
[2026-04-24T07:02:03.366Z] GET http://localhost:5174/src/renderer/components/TaskList.tsx → 200 (13ms, 23253B)
[2026-04-24T07:02:03.366Z] GET http://localhost:5174/src/renderer/components/TimeCanvas.tsx → 200 (12ms, 35473B)
[2026-04-24T07:02:03.378Z] GET http://localhost:5174/node_modules/.vite/deps/zustand.js?v=9880098f → 200 (2ms, ?B)
[2026-04-24T07:13:27.473Z] GET http://localhost:5174/ → 200 (2ms, 356B)
[2026-04-24T07:13:27.478Z] GET http://localhost:5174/@vite/client → 200 (2ms, 182535B)
[2026-04-24T07:13:27.478Z] GET http://localhost:5174/src/renderer/index.tsx → 200 (?ms, 2298B)
[2026-04-24T07:13:27.479Z] GET http://localhost:5174/node_modules/.vite/deps/react_jsx-dev-runtime.js?v=9880098f → 200 (2ms, 12434B)
[2026-04-24T07:13:27.480Z] GET http://localhost:5174/node_modules/.vite/deps/react.js?v=9880098f → 200 (1ms, 724B)
[2026-04-24T07:13:27.480Z] GET http://localhost:5174/node_modules/.vite/deps/react-dom_client.js?v=9880098f → 200 (5ms, 1021706B)
[2026-04-24T07:13:27.480Z] GET http://localhost:5174/src/renderer/App.tsx → 200 (2ms, 20130B)
[2026-04-24T07:13:27.480Z] GET http://localhost:5174/src/renderer/index.css → 200 (2ms, 19412B)
[2026-04-24T07:13:27.480Z] GET http://localhost:5174/src/renderer/dev-mock.ts → 200 (2ms, 9977B)
[2026-04-24T07:13:27.481Z] GET http://localhost:5174/node_modules/vite/dist/client/env.mjs → 200 (2ms, 3861B)
[2026-04-24T07:13:27.481Z] GET http://localhost:5174/node_modules/.vite/deps/chunk-ODY6T4AV.js?v=9880098f → 200 (1ms, 46922B)
[2026-04-24T07:13:27.482Z] GET http://localhost:5174/src/renderer/store.ts → 200 (1ms, 11530B)
[2026-04-24T07:13:27.482Z] GET http://localhost:5174/src/renderer/components/ProjectList.tsx → 200 (1ms, 11302B)
[2026-04-24T07:13:27.482Z] GET http://localhost:5174/src/renderer/components/TaskList.tsx → 200 (2ms, 23253B)
[2026-04-24T07:13:27.482Z] GET http://localhost:5174/src/renderer/components/TimeCanvas.tsx → 200 (2ms, 35473B)
[2026-04-24T07:13:27.483Z] GET http://localhost:5174/node_modules/.vite/deps/zustand.js?v=9880098f → 200 (1ms, 1972B)
[2026-04-24T07:17:49.978Z] GET http://localhost:5174/ → 200 (2ms, 356B)
[2026-04-24T07:17:49.982Z] GET http://localhost:5174/@vite/client → 200 (2ms, 182535B)
[2026-04-24T07:17:49.982Z] GET http://localhost:5174/src/renderer/index.tsx → 200 (1ms, 2298B)
[2026-04-24T07:17:49.983Z] GET http://localhost:5174/node_modules/.vite/deps/react_jsx-dev-runtime.js?v=9880098f → 200 (?ms, 12434B)
[2026-04-24T07:17:49.983Z] GET http://localhost:5174/node_modules/.vite/deps/react.js?v=9880098f → 200 (?ms, 724B)
[2026-04-24T07:17:49.984Z] GET http://localhost:5174/node_modules/.vite/deps/react-dom_client.js?v=9880098f → 200 (?ms, 1021706B)
[2026-04-24T07:17:49.984Z] GET http://localhost:5174/src/renderer/App.tsx → 200 (1ms, 20130B)
[2026-04-24T07:17:49.984Z] GET http://localhost:5174/src/renderer/index.css → 200 (1ms, 19412B)
[2026-04-24T07:17:49.984Z] GET http://localhost:5174/src/renderer/dev-mock.ts → 200 (2ms, 9977B)
[2026-04-24T07:17:49.984Z] GET http://localhost:5174/node_modules/.vite/deps/chunk-ODY6T4AV.js?v=9880098f → 200 (?ms, 46922B)
[2026-04-24T07:17:49.984Z] GET http://localhost:5174/node_modules/vite/dist/client/env.mjs → 200 (2ms, 3861B)
[2026-04-24T07:17:49.985Z] GET http://localhost:5174/src/renderer/store.ts → 200 (1ms, 11530B)
[2026-04-24T07:17:49.985Z] GET http://localhost:5174/src/renderer/components/ProjectList.tsx → 200 (1ms, 11302B)
[2026-04-24T07:17:49.985Z] GET http://localhost:5174/src/renderer/components/TaskList.tsx → 200 (1ms, 23253B)
[2026-04-24T07:17:49.985Z] GET http://localhost:5174/src/renderer/components/TimeCanvas.tsx → 200 (1ms, 35473B)
[2026-04-24T07:17:49.986Z] GET http://localhost:5174/node_modules/.vite/deps/zustand.js?v=9880098f → 200 (?ms, 1972B)
[2026-04-24T07:33:27.456Z] GET http://localhost:5174/ → 200 (5ms, 372B)
[2026-04-24T07:33:27.465Z] GET http://localhost:5174/@vite/client → 200 (9ms, 182535B)
[2026-04-24T07:33:27.465Z] GET http://localhost:5174/src/renderer/index.tsx?t=1777016007402 → 200 (5ms, 2330B)
[2026-04-24T07:33:27.471Z] GET http://localhost:5174/node_modules/.vite/deps/react_jsx-dev-runtime.js?v=9880098f → 200 (?ms, 12434B)
[2026-04-24T07:33:27.471Z] GET http://localhost:5174/node_modules/.vite/deps/react.js?v=9880098f → 200 (1ms, 724B)
[2026-04-24T07:33:27.472Z] GET http://localhost:5174/node_modules/.vite/deps/react-dom_client.js?v=9880098f → 200 (1ms, 1021706B)
[2026-04-24T07:33:27.473Z] GET http://localhost:5174/src/renderer/App.tsx?t=1777016007402 → 200 (27ms, 20146B)
[2026-04-24T07:33:27.473Z] GET http://localhost:5174/src/renderer/index.css?t=1777016007402 → 200 (28ms, 19412B)
[2026-04-24T07:33:27.473Z] GET http://localhost:5174/src/renderer/dev-mock.ts → 200 (28ms, 9977B)
[2026-04-24T07:33:27.473Z] GET http://localhost:5174/node_modules/.vite/deps/chunk-ODY6T4AV.js?v=9880098f → 200 (?ms, 46922B)
[2026-04-24T07:33:27.474Z] GET http://localhost:5174/node_modules/vite/dist/client/env.mjs → 200 (27ms, 3861B)
[2026-04-24T07:33:27.501Z] GET http://localhost:5174/src/renderer/store.ts → 200 (1ms, 11530B)
[2026-04-24T07:33:27.501Z] GET http://localhost:5174/src/renderer/components/ProjectList.tsx → 200 (1ms, 11302B)
[2026-04-24T07:33:27.501Z] GET http://localhost:5174/src/renderer/components/TaskList.tsx → 200 (1ms, 23253B)
[2026-04-24T07:33:27.501Z] GET http://localhost:5174/src/renderer/components/TimeCanvas.tsx?t=1777016007402 → 200 (1ms, 35579B)
[2026-04-24T07:33:27.502Z] GET http://localhost:5174/node_modules/.vite/deps/zustand.js?v=9880098f → 200 (?ms, 1972B)
[2026-04-24T07:33:35.768Z] GET http://localhost:5174/ → 200 (2ms, 372B)
[2026-04-24T07:33:35.772Z] GET http://localhost:5174/@vite/client → 304 (1ms, ?B)
[2026-04-24T07:33:35.772Z] GET http://localhost:5174/src/renderer/index.tsx?t=1777016015716 → 200 (2ms, 2330B)
[2026-04-24T07:33:35.773Z] GET http://localhost:5174/node_modules/vite/dist/client/env.mjs → 304 (2ms, ?B)
[2026-04-24T07:33:35.774Z] GET http://localhost:5174/node_modules/.vite/deps/react_jsx-dev-runtime.js?v=9880098f → 200 (?ms, 12434B)
[2026-04-24T07:33:35.774Z] GET http://localhost:5174/node_modules/.vite/deps/react.js?v=9880098f → 200 (?ms, 724B)
[2026-04-24T07:33:35.774Z] GET http://localhost:5174/node_modules/.vite/deps/react-dom_client.js?v=9880098f → 200 (?ms, 1021706B)
[2026-04-24T07:33:35.774Z] GET http://localhost:5174/src/renderer/App.tsx?t=1777016015716 → 200 (2ms, 20146B)
[2026-04-24T07:33:35.774Z] GET http://localhost:5174/src/renderer/index.css?t=1777016015716 → 200 (18ms, 19412B)
[2026-04-24T07:33:35.774Z] GET http://localhost:5174/src/renderer/dev-mock.ts → 304 (18ms, ?B)
[2026-04-24T07:33:35.774Z] GET http://localhost:5174/node_modules/.vite/deps/chunk-ODY6T4AV.js?v=9880098f → 200 (?ms, 46922B)
[2026-04-24T07:33:35.776Z] GET http://localhost:5174/src/renderer/store.ts → 304 (16ms, ?B)
[2026-04-24T07:33:35.776Z] GET http://localhost:5174/src/renderer/components/ProjectList.tsx → 304 (16ms, ?B)
[2026-04-24T07:33:35.776Z] GET http://localhost:5174/src/renderer/components/TaskList.tsx → 304 (17ms, ?B)
[2026-04-24T07:33:35.776Z] GET http://localhost:5174/src/renderer/components/TimeCanvas.tsx?t=1777016015716 → 500 (17ms, ?B)
[2026-04-24T07:33:35.793Z] GET http://localhost:5174/node_modules/.vite/deps/zustand.js?v=9880098f → 200 (?ms, 1972B)
[2026-04-24T07:33:49.461Z] GET http://localhost:5174/ → 200 (4ms, 372B)
[2026-04-24T07:33:49.468Z] GET http://localhost:5174/@vite/client → 304 (2ms, ?B)
[2026-04-24T07:33:49.468Z] GET http://localhost:5174/src/renderer/index.tsx?t=1777016029408 → 200 (2ms, 2330B)
[2026-04-24T07:33:49.470Z] GET http://localhost:5174/node_modules/vite/dist/client/env.mjs → 304 (26ms, ?B)
[2026-04-24T07:33:49.470Z] GET http://localhost:5174/node_modules/.vite/deps/react_jsx-dev-runtime.js?v=9880098f → 200 (?ms, 12434B)
[2026-04-24T07:33:49.471Z] GET http://localhost:5174/node_modules/.vite/deps/react.js?v=9880098f → 200 (?ms, 724B)
[2026-04-24T07:33:49.471Z] GET http://localhost:5174/node_modules/.vite/deps/react-dom_client.js?v=9880098f → 200 (?ms, 1021706B)
[2026-04-24T07:33:49.471Z] GET http://localhost:5174/src/renderer/App.tsx?t=1777016029408 → 200 (25ms, 20146B)
[2026-04-24T07:33:49.471Z] GET http://localhost:5174/src/renderer/index.css?t=1777016029408 → 200 (25ms, 19412B)
[2026-04-24T07:33:49.471Z] GET http://localhost:5174/src/renderer/dev-mock.ts → 304 (25ms, ?B)
[2026-04-24T07:33:49.471Z] GET http://localhost:5174/node_modules/.vite/deps/chunk-ODY6T4AV.js?v=9880098f → 200 (1ms, 46922B)
[2026-04-24T07:33:49.497Z] GET http://localhost:5174/src/renderer/store.ts → 304 (?ms, ?B)
[2026-04-24T07:33:49.497Z] GET http://localhost:5174/src/renderer/components/ProjectList.tsx → 304 (?ms, ?B)
[2026-04-24T07:33:49.497Z] GET http://localhost:5174/src/renderer/components/TaskList.tsx → 304 (?ms, ?B)
[2026-04-24T07:33:49.497Z] GET http://localhost:5174/src/renderer/components/TimeCanvas.tsx?t=1777016029408 → 500 (1ms, ?B)
[2026-04-24T07:33:49.497Z] GET http://localhost:5174/node_modules/.vite/deps/zustand.js?v=9880098f → 200 (?ms, 1972B)
[2026-04-24T07:34:07.378Z] GET http://localhost:5174/ → 200 (3ms, 372B)
[2026-04-24T07:34:07.385Z] GET http://localhost:5174/@vite/client → 200 (2ms, 182535B)
[2026-04-24T07:34:07.385Z] GET http://localhost:5174/src/renderer/index.tsx?t=1777016047326 → 200 (?ms, 2346B)
[2026-04-24T07:34:07.386Z] GET http://localhost:5174/node_modules/.vite/deps/react_jsx-dev-runtime.js?v=9880098f → 200 (?ms, 12434B)
[2026-04-24T07:34:07.386Z] GET http://localhost:5174/node_modules/.vite/deps/react.js?v=9880098f → 200 (?ms, 724B)
[2026-04-24T07:34:07.386Z] GET http://localhost:5174/node_modules/.vite/deps/react-dom_client.js?v=9880098f → 200 (1ms, 1021706B)
[2026-04-24T07:34:07.387Z] GET http://localhost:5174/src/renderer/App.tsx?t=1777016029408 → 200 (21ms, 20146B)
[2026-04-24T07:34:07.387Z] GET http://localhost:5174/src/renderer/index.css?t=1777016047326 → 200 (21ms, 19412B)
[2026-04-24T07:34:07.387Z] GET http://localhost:5174/src/renderer/dev-mock.ts?t=1777016047326 → 200 (21ms, 11614B)
[2026-04-24T07:34:07.387Z] GET http://localhost:5174/node_modules/.vite/deps/chunk-ODY6T4AV.js?v=9880098f → 200 (?ms, 46922B)
[2026-04-24T07:34:07.387Z] GET http://localhost:5174/node_modules/vite/dist/client/env.mjs → 200 (21ms, 3861B)
[2026-04-24T07:34:07.408Z] GET http://localhost:5174/src/renderer/store.ts → 200 (1ms, 11530B)
[2026-04-24T07:34:07.408Z] GET http://localhost:5174/src/renderer/components/ProjectList.tsx → 200 (1ms, 11302B)
[2026-04-24T07:34:07.408Z] GET http://localhost:5174/src/renderer/components/TaskList.tsx → 200 (1ms, 23253B)
[2026-04-24T07:34:07.408Z] GET http://localhost:5174/src/renderer/components/TimeCanvas.tsx?t=1777016029408 → 500 (1ms, ?B)
[2026-04-24T07:34:07.409Z] GET http://localhost:5174/node_modules/.vite/deps/zustand.js?v=9880098f → 200 (?ms, 1972B)
[2026-04-24T07:34:23.663Z] GET http://localhost:5174/ → 200 (3ms, 372B)
[2026-04-24T07:34:23.671Z] GET http://localhost:5174/@vite/client → 304 (?ms, ?B)
[2026-04-24T07:34:23.671Z] GET http://localhost:5174/src/renderer/index.tsx?t=1777016063609 → 200 (1ms, 2346B)
[2026-04-24T07:34:23.671Z] GET http://localhost:5174/node_modules/vite/dist/client/env.mjs → 304 (29ms, ?B)
[2026-04-24T07:34:23.673Z] GET http://localhost:5174/node_modules/.vite/deps/react_jsx-dev-runtime.js?v=9880098f → 200 (?ms, 12434B)
[2026-04-24T07:34:23.673Z] GET http://localhost:5174/node_modules/.vite/deps/react.js?v=9880098f → 200 (?ms, 724B)
[2026-04-24T07:34:23.673Z] GET http://localhost:5174/node_modules/.vite/deps/react-dom_client.js?v=9880098f → 200 (1ms, 1021706B)
[2026-04-24T07:34:23.674Z] GET http://localhost:5174/src/renderer/App.tsx?t=1777016029408 → 304 (26ms, ?B)
[2026-04-24T07:34:23.674Z] GET http://localhost:5174/src/renderer/index.css?t=1777016063609 → 200 (26ms, 19412B)
[2026-04-24T07:34:23.674Z] GET http://localhost:5174/src/renderer/dev-mock.ts?t=1777016063609 → 200 (26ms, 11672B)
[2026-04-24T07:34:23.674Z] GET http://localhost:5174/node_modules/.vite/deps/chunk-ODY6T4AV.js?v=9880098f → 200 (?ms, 46922B)
[2026-04-24T07:34:23.700Z] GET http://localhost:5174/src/renderer/store.ts → 304 (?ms, ?B)
[2026-04-24T07:34:23.700Z] GET http://localhost:5174/src/renderer/components/ProjectList.tsx → 304 (1ms, ?B)
[2026-04-24T07:34:23.700Z] GET http://localhost:5174/src/renderer/components/TaskList.tsx → 304 (1ms, ?B)
[2026-04-24T07:34:23.700Z] GET http://localhost:5174/src/renderer/components/TimeCanvas.tsx?t=1777016029408 → 500 (1ms, ?B)
[2026-04-24T07:34:23.700Z] GET http://localhost:5174/node_modules/.vite/deps/zustand.js?v=9880098f → 200 (?ms, 1972B)
[2026-04-24T07:34:31.867Z] GET http://localhost:5174/ → 200 (3ms, 372B)
[2026-04-24T07:34:31.873Z] GET http://localhost:5174/@vite/client → 304 (1ms, ?B)
[2026-04-24T07:34:31.873Z] GET http://localhost:5174/src/renderer/index.tsx?t=1777016071815 → 200 (2ms, 2346B)
[2026-04-24T07:34:31.875Z] GET http://localhost:5174/node_modules/vite/dist/client/env.mjs → 304 (23ms, ?B)
[2026-04-24T07:34:31.875Z] GET http://localhost:5174/node_modules/.vite/deps/react_jsx-dev-runtime.js?v=9880098f → 200 (?ms, 12434B)
[2026-04-24T07:34:31.875Z] GET http://localhost:5174/node_modules/.vite/deps/react.js?v=9880098f → 200 (?ms, 724B)
[2026-04-24T07:34:31.875Z] GET http://localhost:5174/node_modules/.vite/deps/react-dom_client.js?v=9880098f → 200 (1ms, 1021706B)
[2026-04-24T07:34:31.876Z] GET http://localhost:5174/src/renderer/App.tsx?t=1777016029408 → 304 (22ms, ?B)
[2026-04-24T07:34:31.876Z] GET http://localhost:5174/src/renderer/index.css?t=1777016071815 → 200 (22ms, 19412B)
[2026-04-24T07:34:31.876Z] GET http://localhost:5174/src/renderer/dev-mock.ts?t=1777016071815 → 200 (22ms, 11726B)
[2026-04-24T07:34:31.876Z] GET http://localhost:5174/node_modules/.vite/deps/chunk-ODY6T4AV.js?v=9880098f → 200 (?ms, 46922B)
[2026-04-24T07:34:31.898Z] GET http://localhost:5174/src/renderer/store.ts → 304 (1ms, ?B)
[2026-04-24T07:34:31.898Z] GET http://localhost:5174/src/renderer/components/ProjectList.tsx → 304 (1ms, ?B)
[2026-04-24T07:34:31.898Z] GET http://localhost:5174/src/renderer/components/TaskList.tsx → 304 (1ms, ?B)
[2026-04-24T07:34:31.899Z] GET http://localhost:5174/src/renderer/components/TimeCanvas.tsx?t=1777016029408 → 500 (1ms, ?B)
[2026-04-24T07:34:31.899Z] GET http://localhost:5174/node_modules/.vite/deps/zustand.js?v=9880098f → 200 (?ms, 1972B)
[2026-04-24T07:34:48.163Z] GET http://localhost:5174/ → 200 (5ms, 372B)
[2026-04-24T07:34:48.173Z] GET http://localhost:5174/@vite/client → 200 (4ms, 182535B)
[2026-04-24T07:34:48.173Z] GET http://localhost:5174/src/renderer/index.tsx?t=1777016088109 → 200 (1ms, 2346B)
[2026-04-24T07:34:48.175Z] GET http://localhost:5174/node_modules/.vite/deps/react_jsx-dev-runtime.js?v=9880098f → 200 (?ms, 12434B)
[2026-04-24T07:34:48.175Z] GET http://localhost:5174/node_modules/.vite/deps/react.js?v=9880098f → 200 (?ms, 724B)
[2026-04-24T07:34:48.175Z] GET http://localhost:5174/node_modules/.vite/deps/react-dom_client.js?v=9880098f → 200 (?ms, 1021706B)
[2026-04-24T07:34:48.175Z] GET http://localhost:5174/src/renderer/App.tsx?t=1777016029408 → 200 (27ms, 20146B)
[2026-04-24T07:34:48.175Z] GET http://localhost:5174/src/renderer/index.css?t=1777016088109 → 200 (27ms, 19412B)
[2026-04-24T07:34:48.175Z] GET http://localhost:5174/src/renderer/dev-mock.ts?t=1777016088109 → 200 (27ms, 11780B)
[2026-04-24T07:34:48.175Z] GET http://localhost:5174/node_modules/.vite/deps/chunk-ODY6T4AV.js?v=9880098f → 200 (1ms, 46922B)
[2026-04-24T07:34:48.177Z] GET http://localhost:5174/node_modules/vite/dist/client/env.mjs → 200 (25ms, 3861B)
[2026-04-24T07:34:48.202Z] GET http://localhost:5174/src/renderer/store.ts → 200 (?ms, 11530B)
[2026-04-24T07:34:48.202Z] GET http://localhost:5174/src/renderer/components/ProjectList.tsx → 200 (1ms, 11302B)
[2026-04-24T07:34:48.202Z] GET http://localhost:5174/src/renderer/components/TaskList.tsx → 200 (1ms, 23253B)
[2026-04-24T07:34:48.202Z] GET http://localhost:5174/src/renderer/components/TimeCanvas.tsx?t=1777016029408 → 500 (1ms, ?B)
[2026-04-24T07:34:48.202Z] GET http://localhost:5174/node_modules/.vite/deps/zustand.js?v=9880098f → 200 (?ms, 1972B)
[2026-04-24T07:34:55.924Z] GET http://localhost:5174/ → 200 (3ms, 372B)
[2026-04-24T07:34:55.930Z] GET http://localhost:5174/@vite/client → 304 (13ms, ?B)
[2026-04-24T07:34:55.931Z] GET http://localhost:5174/src/renderer/index.tsx?t=1777016095871 → 200 (8ms, 2346B)
[2026-04-24T07:34:55.939Z] GET http://localhost:5174/node_modules/.vite/deps/react_jsx-dev-runtime.js?v=9880098f → 200 (?ms, 12434B)
[2026-04-24T07:34:55.940Z] GET http://localhost:5174/node_modules/.vite/deps/react.js?v=9880098f → 200 (?ms, 724B)
[2026-04-24T07:34:55.942Z] GET http://localhost:5174/node_modules/.vite/deps/react-dom_client.js?v=9880098f → 200 (?ms, 1021706B)
[2026-04-24T07:34:55.942Z] GET http://localhost:5174/src/renderer/App.tsx?t=1777016029408 → 304 (1ms, ?B)
[2026-04-24T07:34:55.942Z] GET http://localhost:5174/src/renderer/index.css?t=1777016095871 → 200 (1ms, 19412B)
[2026-04-24T07:34:55.942Z] GET http://localhost:5174/src/renderer/dev-mock.ts?t=1777016095871 → 200 (2ms, 11838B)
[2026-04-24T07:34:55.942Z] GET http://localhost:5174/node_modules/.vite/deps/chunk-ODY6T4AV.js?v=9880098f → 200 (1ms, 46922B)
[2026-04-24T07:34:55.943Z] GET http://localhost:5174/node_modules/vite/dist/client/env.mjs → 304 (?ms, ?B)
[2026-04-24T07:34:55.943Z] GET http://localhost:5174/src/renderer/store.ts → 304 (1ms, ?B)
[2026-04-24T07:34:55.943Z] GET http://localhost:5174/src/renderer/components/ProjectList.tsx → 304 (1ms, ?B)
[2026-04-24T07:34:55.943Z] GET http://localhost:5174/src/renderer/components/TaskList.tsx → 304 (2ms, ?B)
[2026-04-24T07:34:55.943Z] GET http://localhost:5174/src/renderer/components/TimeCanvas.tsx?t=1777016029408 → 500 (21ms, ?B)
[2026-04-24T07:34:55.944Z] GET http://localhost:5174/node_modules/.vite/deps/zustand.js?v=9880098f → 200 (?ms, 1972B)
[2026-04-24T07:35:04.271Z] GET http://localhost:5174/ → 200 (1ms, 372B)
[2026-04-24T07:35:04.274Z] GET http://localhost:5174/@vite/client → 304 (2ms, ?B)
[2026-04-24T07:35:04.274Z] GET http://localhost:5174/src/renderer/index.tsx?t=1777016104219 → 200 (1ms, 2346B)
[2026-04-24T07:35:04.275Z] GET http://localhost:5174/node_modules/.vite/deps/react_jsx-dev-runtime.js?v=9880098f → 200 (?ms, 12434B)
[2026-04-24T07:35:04.275Z] GET http://localhost:5174/node_modules/.vite/deps/react.js?v=9880098f → 200 (?ms, 724B)
[2026-04-24T07:35:04.275Z] GET http://localhost:5174/node_modules/.vite/deps/react-dom_client.js?v=9880098f → 200 (1ms, 1021706B)
[2026-04-24T07:35:04.276Z] GET http://localhost:5174/src/renderer/App.tsx?t=1777016029408 → 304 (17ms, ?B)
[2026-04-24T07:35:04.276Z] GET http://localhost:5174/src/renderer/index.css?t=1777016104219 → 200 (17ms, 19412B)
[2026-04-24T07:35:04.276Z] GET http://localhost:5174/src/renderer/dev-mock.ts?t=1777016104219 → 200 (17ms, 11892B)
[2026-04-24T07:35:04.276Z] GET http://localhost:5174/node_modules/.vite/deps/chunk-ODY6T4AV.js?v=9880098f → 200 (?ms, 46922B)
[2026-04-24T07:35:04.276Z] GET http://localhost:5174/node_modules/vite/dist/client/env.mjs → 304 (17ms, ?B)
[2026-04-24T07:35:04.294Z] GET http://localhost:5174/src/renderer/store.ts → 304 (?ms, ?B)
[2026-04-24T07:35:04.294Z] GET http://localhost:5174/src/renderer/components/ProjectList.tsx → 304 (?ms, ?B)
[2026-04-24T07:35:04.294Z] GET http://localhost:5174/src/renderer/components/TaskList.tsx → 304 (?ms, ?B)
[2026-04-24T07:35:04.294Z] GET http://localhost:5174/src/renderer/components/TimeCanvas.tsx?t=1777016029408 → 500 (?ms, ?B)
[2026-04-24T07:35:04.294Z] GET http://localhost:5174/node_modules/.vite/deps/zustand.js?v=9880098f → 200 (?ms, 1972B)
[2026-04-24T07:35:13.533Z] GET http://localhost:5174/ → 200 (2ms, 372B)
[2026-04-24T07:35:13.537Z] GET http://localhost:5174/@vite/client → 304 (1ms, ?B)
[2026-04-24T07:35:13.537Z] GET http://localhost:5174/src/renderer/index.tsx?t=1777016113481 → 200 (1ms, 2346B)
[2026-04-24T07:35:13.539Z] GET http://localhost:5174/node_modules/.vite/deps/react_jsx-dev-runtime.js?v=9880098f → 200 (?ms, 12434B)
[2026-04-24T07:35:13.539Z] GET http://localhost:5174/node_modules/.vite/deps/react.js?v=9880098f → 200 (?ms, 724B)
[2026-04-24T07:35:13.539Z] GET http://localhost:5174/node_modules/.vite/deps/react-dom_client.js?v=9880098f → 200 (?ms, 1021706B)
[2026-04-24T07:35:13.539Z] GET http://localhost:5174/src/renderer/App.tsx?t=1777016029408 → 304 (19ms, ?B)
[2026-04-24T07:35:13.539Z] GET http://localhost:5174/src/renderer/index.css?t=1777016113481 → 200 (19ms, 19412B)
[2026-04-24T07:35:13.539Z] GET http://localhost:5174/src/renderer/dev-mock.ts?t=1777016113481 → 200 (19ms, 11946B)
[2026-04-24T07:35:13.539Z] GET http://localhost:5174/node_modules/vite/dist/client/env.mjs → 304 (19ms, ?B)
[2026-04-24T07:35:13.539Z] GET http://localhost:5174/node_modules/.vite/deps/chunk-ODY6T4AV.js?v=9880098f → 200 (?ms, 46922B)
[2026-04-24T07:35:13.559Z] GET http://localhost:5174/src/renderer/store.ts → 304 (?ms, ?B)
[2026-04-24T07:35:13.559Z] GET http://localhost:5174/src/renderer/components/ProjectList.tsx → 304 (?ms, ?B)
[2026-04-24T07:35:13.559Z] GET http://localhost:5174/src/renderer/components/TaskList.tsx → 304 (?ms, ?B)
[2026-04-24T07:35:13.559Z] GET http://localhost:5174/src/renderer/components/TimeCanvas.tsx?t=1777016029408 → 500 (?ms, ?B)
[2026-04-24T07:35:13.559Z] GET http://localhost:5174/node_modules/.vite/deps/zustand.js?v=9880098f → 200 (?ms, 1972B)
[2026-04-24T07:35:20.687Z] GET http://localhost:5174/ → 200 (1ms, 372B)
[2026-04-24T07:35:20.690Z] GET http://localhost:5174/@vite/client → 200 (3ms, 182535B)
[2026-04-24T07:35:20.690Z] GET http://localhost:5174/src/renderer/index.tsx?t=1777016113481 → 200 (1ms, 2346B)
[2026-04-24T07:35:20.691Z] GET http://localhost:5174/node_modules/.vite/deps/react_jsx-dev-runtime.js?v=9880098f → 200 (?ms, 12434B)
[2026-04-24T07:35:20.691Z] GET http://localhost:5174/node_modules/.vite/deps/react.js?v=9880098f → 200 (?ms, 724B)
[2026-04-24T07:35:20.692Z] GET http://localhost:5174/node_modules/.vite/deps/react-dom_client.js?v=9880098f → 200 (?ms, 1021706B)
[2026-04-24T07:35:20.692Z] GET http://localhost:5174/src/renderer/App.tsx?t=1777016029408 → 200 (1ms, 20146B)
[2026-04-24T07:35:20.692Z] GET http://localhost:5174/src/renderer/index.css?t=1777016113481 → 200 (1ms, 19412B)
[2026-04-24T07:35:20.692Z] GET http://localhost:5174/src/renderer/dev-mock.ts?t=1777016113481 → 200 (2ms, 11946B)
[2026-04-24T07:35:20.692Z] GET http://localhost:5174/node_modules/.vite/deps/chunk-ODY6T4AV.js?v=9880098f → 200 (?ms, 46922B)
[2026-04-24T07:35:20.693Z] GET http://localhost:5174/node_modules/vite/dist/client/env.mjs → 200 (?ms, 3861B)
[2026-04-24T07:35:20.693Z] GET http://localhost:5174/src/renderer/store.ts → 200 (1ms, 11530B)
[2026-04-24T07:35:20.693Z] GET http://localhost:5174/src/renderer/components/ProjectList.tsx → 200 (1ms, 11302B)
[2026-04-24T07:35:20.693Z] GET http://localhost:5174/src/renderer/components/TaskList.tsx → 200 (1ms, 23253B)
[2026-04-24T07:35:20.693Z] GET http://localhost:5174/src/renderer/components/TimeCanvas.tsx?t=1777016029408 → 500 (15ms, ?B)
[2026-04-24T07:35:20.694Z] GET http://localhost:5174/node_modules/.vite/deps/zustand.js?v=9880098f → 200 (?ms, 1972B)
[2026-04-24T07:35:26.965Z] GET http://localhost:5174/ → 200 (1ms, 372B)
[2026-04-24T07:35:26.968Z] GET http://localhost:5174/@vite/client → 304 (?ms, ?B)
[2026-04-24T07:35:26.968Z] GET http://localhost:5174/src/renderer/index.tsx?t=1777016113481 → 304 (1ms, ?B)
[2026-04-24T07:35:26.969Z] GET http://localhost:5174/node_modules/vite/dist/client/env.mjs → 304 (1ms, ?B)
[2026-04-24T07:35:26.969Z] GET http://localhost:5174/node_modules/.vite/deps/react_jsx-dev-runtime.js?v=9880098f → 200 (?ms, 12434B)
[2026-04-24T07:35:26.970Z] GET http://localhost:5174/node_modules/.vite/deps/react.js?v=9880098f → 200 (?ms, 724B)
[2026-04-24T07:35:26.970Z] GET http://localhost:5174/node_modules/.vite/deps/react-dom_client.js?v=9880098f → 200 (?ms, 1021706B)
[2026-04-24T07:35:26.970Z] GET http://localhost:5174/src/renderer/App.tsx?t=1777016029408 → 304 (1ms, ?B)
[2026-04-24T07:35:26.970Z] GET http://localhost:5174/src/renderer/index.css?t=1777016113481 → 304 (1ms, ?B)
[2026-04-24T07:35:26.970Z] GET http://localhost:5174/src/renderer/dev-mock.ts?t=1777016113481 → 304 (1ms, ?B)
[2026-04-24T07:35:26.970Z] GET http://localhost:5174/node_modules/.vite/deps/chunk-ODY6T4AV.js?v=9880098f → 200 (?ms, 46922B)
[2026-04-24T07:35:26.971Z] GET http://localhost:5174/src/renderer/store.ts → 304 (?ms, ?B)
[2026-04-24T07:35:26.971Z] GET http://localhost:5174/src/renderer/components/ProjectList.tsx → 304 (?ms, ?B)
[2026-04-24T07:35:26.971Z] GET http://localhost:5174/src/renderer/components/TaskList.tsx → 304 (?ms, ?B)
[2026-04-24T07:35:26.971Z] GET http://localhost:5174/src/renderer/components/TimeCanvas.tsx?t=1777016029408 → 500 (15ms, ?B)
[2026-04-24T07:35:26.971Z] GET http://localhost:5174/node_modules/.vite/deps/zustand.js?v=9880098f → 200 (?ms, 1972B)
[2026-04-24T07:36:07.974Z] GET http://localhost:5174/ → 200 (3ms, 372B)
[2026-04-24T07:36:07.982Z] GET http://localhost:5174/@vite/client → 200 (5ms, 182535B)
[2026-04-24T07:36:07.982Z] GET http://localhost:5174/src/renderer/index.tsx?t=1777016167921 → 200 (2ms, 2346B)
[2026-04-24T07:36:07.985Z] GET http://localhost:5174/node_modules/.vite/deps/react_jsx-dev-runtime.js?v=9880098f → 200 (?ms, 12434B)
[2026-04-24T07:36:07.985Z] GET http://localhost:5174/node_modules/.vite/deps/react.js?v=9880098f → 200 (?ms, 724B)
[2026-04-24T07:36:07.985Z] GET http://localhost:5174/node_modules/.vite/deps/react-dom_client.js?v=9880098f → 200 (1ms, 1021706B)
[2026-04-24T07:36:07.986Z] GET http://localhost:5174/src/renderer/App.tsx?t=1777016167921 → 200 (28ms, 20146B)
[2026-04-24T07:36:07.986Z] GET http://localhost:5174/src/renderer/index.css?t=1777016167921 → 200 (28ms, 19412B)
[2026-04-24T07:36:07.986Z] GET http://localhost:5174/src/renderer/dev-mock.ts?t=1777016113481 → 200 (28ms, 11946B)
[2026-04-24T07:36:07.986Z] GET http://localhost:5174/node_modules/.vite/deps/chunk-ODY6T4AV.js?v=9880098f → 200 (?ms, 46922B)
[2026-04-24T07:36:07.987Z] GET http://localhost:5174/node_modules/vite/dist/client/env.mjs → 200 (27ms, 3861B)
[2026-04-24T07:36:08.014Z] GET http://localhost:5174/src/renderer/store.ts → 200 (1ms, 11530B)
[2026-04-24T07:36:08.014Z] GET http://localhost:5174/src/renderer/components/ProjectList.tsx → 200 (1ms, 11302B)
[2026-04-24T07:36:08.014Z] GET http://localhost:5174/src/renderer/components/TaskList.tsx → 200 (1ms, 23253B)
[2026-04-24T07:36:08.014Z] GET http://localhost:5174/src/renderer/components/TimeCanvas.tsx?t=1777016167921 → 200 (1ms, 35260B)
[2026-04-24T07:36:08.015Z] GET http://localhost:5174/node_modules/.vite/deps/zustand.js?v=9880098f → 200 (?ms, 1972B)
[2026-04-24T07:42:38.557Z] GET http://localhost:5174/ → 200 (4ms, 372B)
[2026-04-24T07:42:38.562Z] GET http://localhost:5174/@vite/client → 200 (3ms, 182535B)
[2026-04-24T07:42:38.562Z] GET http://localhost:5174/src/renderer/index.tsx?t=1777016167921 → 200 (1ms, 2346B)
[2026-04-24T07:42:38.564Z] GET http://localhost:5174/node_modules/.vite/deps/react_jsx-dev-runtime.js?v=9880098f → 200 (?ms, 12434B)
[2026-04-24T07:42:38.564Z] GET http://localhost:5174/node_modules/.vite/deps/react.js?v=9880098f → 200 (?ms, 724B)
[2026-04-24T07:42:38.564Z] GET http://localhost:5174/node_modules/.vite/deps/react-dom_client.js?v=9880098f → 200 (?ms, 1021706B)
[2026-04-24T07:42:38.564Z] GET http://localhost:5174/src/renderer/App.tsx?t=1777016167921 → 200 (1ms, 20146B)
[2026-04-24T07:42:38.564Z] GET http://localhost:5174/src/renderer/index.css?t=1777016167921 → 200 (1ms, 19412B)
[2026-04-24T07:42:38.564Z] GET http://localhost:5174/src/renderer/dev-mock.ts?t=1777016113481 → 200 (2ms, 11946B)
[2026-04-24T07:42:38.564Z] GET http://localhost:5174/node_modules/.vite/deps/chunk-ODY6T4AV.js?v=9880098f → 200 (?ms, 46922B)
[2026-04-24T07:42:38.565Z] GET http://localhost:5174/node_modules/vite/dist/client/env.mjs → 200 (1ms, 3861B)
[2026-04-24T07:42:38.565Z] GET http://localhost:5174/src/renderer/store.ts → 200 (1ms, 11530B)
[2026-04-24T07:42:38.565Z] GET http://localhost:5174/src/renderer/components/ProjectList.tsx → 200 (1ms, 11302B)
[2026-04-24T07:42:38.565Z] GET http://localhost:5174/src/renderer/components/TaskList.tsx → 200 (1ms, 23253B)
[2026-04-24T07:42:38.566Z] GET http://localhost:5174/src/renderer/components/TimeCanvas.tsx?t=1777016167921 → 200 (?ms, 35260B)
[2026-04-24T07:42:38.566Z] GET http://localhost:5174/node_modules/.vite/deps/zustand.js?v=9880098f → 200 (?ms, 1972B)
